#! /c/Source/iverilog-install/bin/vvp
:ivl_version "12.0 (devel)" "(s20150603-1110-g18392a46)";
:ivl_delay_selection "TYPICAL";
:vpi_time_precision - 9;
:vpi_module "C:\iverilog\lib\ivl\system.vpi";
:vpi_module "C:\iverilog\lib\ivl\vhdl_sys.vpi";
:vpi_module "C:\iverilog\lib\ivl\vhdl_textio.vpi";
:vpi_module "C:\iverilog\lib\ivl\v2005_math.vpi";
:vpi_module "C:\iverilog\lib\ivl\va_math.vpi";
S_0000021a5280b510 .scope module, "eight_bit_adder_subtractor_tb" "eight_bit_adder_subtractor_tb" 2 6;
 .timescale -9 -9;
v0000021a528888a0_0 .var "A", 7 0;
v0000021a528889e0_0 .var "B", 7 0;
v0000021a52888260_0 .net "S", 7 0, L_0000021a52887fe0;  1 drivers
v0000021a52888e40_0 .var/i "i", 31 0;
v0000021a52888c60_0 .var/i "j", 31 0;
v0000021a52888f80_0 .var "optype", 0 0;
v0000021a52889980_0 .net "overflow", 0 0, v0000021a52888760_0;  1 drivers
S_0000021a5280b6a0 .scope module, "uut" "eight_bit_adder_subtractor" 2 15, 3 3 0, S_0000021a5280b510;
 .timescale -9 -9;
    .port_info 0 /OUTPUT 8 "S";
    .port_info 1 /OUTPUT 1 "overflow";
    .port_info 2 /INPUT 8 "A";
    .port_info 3 /INPUT 8 "B";
    .port_info 4 /INPUT 1 "optype";
v0000021a528881c0_0 .net "A", 7 0, v0000021a528888a0_0;  1 drivers
v0000021a52888b20_0 .net "B", 7 0, v0000021a528889e0_0;  1 drivers
v0000021a528895c0_0 .net "S", 7 0, L_0000021a52887fe0;  alias, 1 drivers
v0000021a52888940_0 .net "optype", 0 0, v0000021a52888f80_0;  1 drivers
v0000021a52888760_0 .var "overflow", 0 0;
v0000021a52887e00 .array "w", 0 7;
v0000021a52887e00_0 .net v0000021a52887e00 0, 0 0, L_0000021a5282d470; 1 drivers
v0000021a52887e00_1 .net v0000021a52887e00 1, 0 0, L_0000021a5282ca60; 1 drivers
v0000021a52887e00_2 .net v0000021a52887e00 2, 0 0, L_0000021a52889d70; 1 drivers
v0000021a52887e00_3 .net v0000021a52887e00 3, 0 0, L_0000021a5288a780; 1 drivers
v0000021a52887e00_4 .net v0000021a52887e00 4, 0 0, L_0000021a5288ab70; 1 drivers
v0000021a52887e00_5 .net v0000021a52887e00 5, 0 0, L_0000021a5288a010; 1 drivers
v0000021a52887e00_6 .net v0000021a52887e00 6, 0 0, L_0000021a5288cb40; 1 drivers
v0000021a52887e00_7 .net v0000021a52887e00 7, 0 0, L_0000021a5288c4b0; 1 drivers
E_0000021a52827f40/0 .event anyedge, v0000021a528248e0_0, v0000021a528256a0_0, v0000021a52826640_0, v0000021a52885920_0;
E_0000021a52827f40/1 .event anyedge, v0000021a52885ec0_0, v0000021a52884e80_0, v0000021a52886500_0, v0000021a528892a0_0;
E_0000021a52827f40 .event/or E_0000021a52827f40/0, E_0000021a52827f40/1;
L_0000021a52889020 .part v0000021a528888a0_0, 0, 1;
L_0000021a52889660 .part v0000021a528889e0_0, 0, 1;
L_0000021a528883a0 .part v0000021a528888a0_0, 1, 1;
L_0000021a528890c0 .part v0000021a528889e0_0, 1, 1;
L_0000021a52889160 .part v0000021a528888a0_0, 2, 1;
L_0000021a52888440 .part v0000021a528889e0_0, 2, 1;
L_0000021a52889200 .part v0000021a528888a0_0, 3, 1;
L_0000021a528893e0 .part v0000021a528889e0_0, 3, 1;
L_0000021a52889480 .part v0000021a528888a0_0, 4, 1;
L_0000021a528884e0 .part v0000021a528889e0_0, 4, 1;
L_0000021a52889520 .part v0000021a528888a0_0, 5, 1;
L_0000021a52889840 .part v0000021a528889e0_0, 5, 1;
L_0000021a52889700 .part v0000021a528888a0_0, 6, 1;
L_0000021a52887ea0 .part v0000021a528889e0_0, 6, 1;
LS_0000021a52887fe0_0_0 .concat8 [ 1 1 1 1], L_0000021a5282d4e0, L_0000021a5282d6a0, L_0000021a5282d010, L_0000021a5288a320;
LS_0000021a52887fe0_0_4 .concat8 [ 1 1 1 1], L_0000021a5288a8d0, L_0000021a5288ac50, L_0000021a5288c8a0, L_0000021a5288ce50;
L_0000021a52887fe0 .concat8 [ 4 4 0 0], LS_0000021a52887fe0_0_0, LS_0000021a52887fe0_0_4;
L_0000021a52888580 .part v0000021a528888a0_0, 7, 1;
L_0000021a528897a0 .part v0000021a528889e0_0, 7, 1;
S_0000021a5280b830 .scope module, "f1" "one_bit_adder_subtractor" 3 10, 4 1 0, S_0000021a5280b6a0;
 .timescale -9 -9;
    .port_info 0 /OUTPUT 1 "C_out";
    .port_info 1 /OUTPUT 1 "S";
    .port_info 2 /INPUT 1 "A";
    .port_info 3 /INPUT 1 "B";
    .port_info 4 /INPUT 1 "C_in";
    .port_info 5 /INPUT 1 "opcode";
L_0000021a5282cfa0 .functor XOR 1, L_0000021a52889660, v0000021a52888f80_0, C4<0>, C4<0>;
L_0000021a5282cc20 .functor XOR 1, L_0000021a52889020, L_0000021a5282cfa0, C4<0>, C4<0>;
L_0000021a5282d4e0 .functor XOR 1, L_0000021a5282cc20, v0000021a52888f80_0, C4<0>, C4<0>;
L_0000021a5282d7f0 .functor XOR 1, L_0000021a52889660, v0000021a52888f80_0, C4<0>, C4<0>;
L_0000021a5282cad0 .functor AND 1, L_0000021a52889020, L_0000021a5282d7f0, C4<1>, C4<1>;
L_0000021a5282d630 .functor XOR 1, L_0000021a52889660, v0000021a52888f80_0, C4<0>, C4<0>;
L_0000021a5282d1d0 .functor AND 1, L_0000021a5282d630, v0000021a52888f80_0, C4<1>, C4<1>;
L_0000021a5282c910 .functor OR 1, L_0000021a5282cad0, L_0000021a5282d1d0, C4<0>, C4<0>;
L_0000021a5282c980 .functor AND 1, v0000021a52888f80_0, L_0000021a52889020, C4<1>, C4<1>;
L_0000021a5282d470 .functor OR 1, L_0000021a5282c910, L_0000021a5282c980, C4<0>, C4<0>;
v0000021a52824980_0 .net "A", 0 0, L_0000021a52889020;  1 drivers
v0000021a52826280_0 .net "B", 0 0, L_0000021a52889660;  1 drivers
v0000021a52825d80_0 .net "C_in", 0 0, v0000021a52888f80_0;  alias, 1 drivers
v0000021a528248e0_0 .net "C_out", 0 0, L_0000021a5282d470;  alias, 1 drivers
v0000021a52826460_0 .net "S", 0 0, L_0000021a5282d4e0;  1 drivers
v0000021a52824f20_0 .net *"_ivl_0", 0 0, L_0000021a5282cfa0;  1 drivers
v0000021a52825880_0 .net *"_ivl_10", 0 0, L_0000021a5282d630;  1 drivers
v0000021a52825060_0 .net *"_ivl_12", 0 0, L_0000021a5282d1d0;  1 drivers
v0000021a52825e20_0 .net *"_ivl_14", 0 0, L_0000021a5282c910;  1 drivers
v0000021a52825ec0_0 .net *"_ivl_16", 0 0, L_0000021a5282c980;  1 drivers
v0000021a52825100_0 .net *"_ivl_2", 0 0, L_0000021a5282cc20;  1 drivers
v0000021a528257e0_0 .net *"_ivl_6", 0 0, L_0000021a5282d7f0;  1 drivers
v0000021a52825b00_0 .net *"_ivl_8", 0 0, L_0000021a5282cad0;  1 drivers
v0000021a52825c40_0 .net "opcode", 0 0, v0000021a52888f80_0;  alias, 1 drivers
S_0000021a527d27a0 .scope module, "f2" "one_bit_adder_subtractor" 3 11, 4 1 0, S_0000021a5280b6a0;
 .timescale -9 -9;
    .port_info 0 /OUTPUT 1 "C_out";
    .port_info 1 /OUTPUT 1 "S";
    .port_info 2 /INPUT 1 "A";
    .port_info 3 /INPUT 1 "B";
    .port_info 4 /INPUT 1 "C_in";
    .port_info 5 /INPUT 1 "opcode";
L_0000021a5282c9f0 .functor XOR 1, L_0000021a528890c0, v0000021a52888f80_0, C4<0>, C4<0>;
L_0000021a5282cc90 .functor XOR 1, L_0000021a528883a0, L_0000021a5282c9f0, C4<0>, C4<0>;
L_0000021a5282d6a0 .functor XOR 1, L_0000021a5282cc90, L_0000021a5282d470, C4<0>, C4<0>;
L_0000021a5282d550 .functor XOR 1, L_0000021a528890c0, v0000021a52888f80_0, C4<0>, C4<0>;
L_0000021a5282d710 .functor AND 1, L_0000021a528883a0, L_0000021a5282d550, C4<1>, C4<1>;
L_0000021a5282cd00 .functor XOR 1, L_0000021a528890c0, v0000021a52888f80_0, C4<0>, C4<0>;
L_0000021a5282d390 .functor AND 1, L_0000021a5282cd00, L_0000021a5282d470, C4<1>, C4<1>;
L_0000021a5282d5c0 .functor OR 1, L_0000021a5282d710, L_0000021a5282d390, C4<0>, C4<0>;
L_0000021a5282d160 .functor AND 1, L_0000021a5282d470, L_0000021a528883a0, C4<1>, C4<1>;
L_0000021a5282ca60 .functor OR 1, L_0000021a5282d5c0, L_0000021a5282d160, C4<0>, C4<0>;
v0000021a528251a0_0 .net "A", 0 0, L_0000021a528883a0;  1 drivers
v0000021a52825740_0 .net "B", 0 0, L_0000021a528890c0;  1 drivers
v0000021a52825a60_0 .net "C_in", 0 0, L_0000021a5282d470;  alias, 1 drivers
v0000021a528256a0_0 .net "C_out", 0 0, L_0000021a5282ca60;  alias, 1 drivers
v0000021a52825560_0 .net "S", 0 0, L_0000021a5282d6a0;  1 drivers
v0000021a528266e0_0 .net *"_ivl_0", 0 0, L_0000021a5282c9f0;  1 drivers
v0000021a52825920_0 .net *"_ivl_10", 0 0, L_0000021a5282cd00;  1 drivers
v0000021a52825ce0_0 .net *"_ivl_12", 0 0, L_0000021a5282d390;  1 drivers
v0000021a52826500_0 .net *"_ivl_14", 0 0, L_0000021a5282d5c0;  1 drivers
v0000021a52824ac0_0 .net *"_ivl_16", 0 0, L_0000021a5282d160;  1 drivers
v0000021a528260a0_0 .net *"_ivl_2", 0 0, L_0000021a5282cc90;  1 drivers
v0000021a528259c0_0 .net *"_ivl_6", 0 0, L_0000021a5282d550;  1 drivers
v0000021a528265a0_0 .net *"_ivl_8", 0 0, L_0000021a5282d710;  1 drivers
v0000021a52825f60_0 .net "opcode", 0 0, v0000021a52888f80_0;  alias, 1 drivers
S_0000021a527d2930 .scope module, "f3" "one_bit_adder_subtractor" 3 12, 4 1 0, S_0000021a5280b6a0;
 .timescale -9 -9;
    .port_info 0 /OUTPUT 1 "C_out";
    .port_info 1 /OUTPUT 1 "S";
    .port_info 2 /INPUT 1 "A";
    .port_info 3 /INPUT 1 "B";
    .port_info 4 /INPUT 1 "C_in";
    .port_info 5 /INPUT 1 "opcode";
L_0000021a5282ce50 .functor XOR 1, L_0000021a52888440, v0000021a52888f80_0, C4<0>, C4<0>;
L_0000021a5282cec0 .functor XOR 1, L_0000021a52889160, L_0000021a5282ce50, C4<0>, C4<0>;
L_0000021a5282d010 .functor XOR 1, L_0000021a5282cec0, L_0000021a5282ca60, C4<0>, C4<0>;
L_0000021a5282d080 .functor XOR 1, L_0000021a52888440, v0000021a52888f80_0, C4<0>, C4<0>;
L_0000021a5282d240 .functor AND 1, L_0000021a52889160, L_0000021a5282d080, C4<1>, C4<1>;
L_0000021a5282d2b0 .functor XOR 1, L_0000021a52888440, v0000021a52888f80_0, C4<0>, C4<0>;
L_0000021a5282d320 .functor AND 1, L_0000021a5282d2b0, L_0000021a5282ca60, C4<1>, C4<1>;
L_0000021a5288aa90 .functor OR 1, L_0000021a5282d240, L_0000021a5282d320, C4<0>, C4<0>;
L_0000021a52889de0 .functor AND 1, L_0000021a5282ca60, L_0000021a52889160, C4<1>, C4<1>;
L_0000021a52889d70 .functor OR 1, L_0000021a5288aa90, L_0000021a52889de0, C4<0>, C4<0>;
v0000021a52825380_0 .net "A", 0 0, L_0000021a52889160;  1 drivers
v0000021a52826000_0 .net "B", 0 0, L_0000021a52888440;  1 drivers
v0000021a52826140_0 .net "C_in", 0 0, L_0000021a5282ca60;  alias, 1 drivers
v0000021a52826640_0 .net "C_out", 0 0, L_0000021a52889d70;  alias, 1 drivers
v0000021a52826780_0 .net "S", 0 0, L_0000021a5282d010;  1 drivers
v0000021a52825240_0 .net *"_ivl_0", 0 0, L_0000021a5282ce50;  1 drivers
v0000021a52824ca0_0 .net *"_ivl_10", 0 0, L_0000021a5282d2b0;  1 drivers
v0000021a52825420_0 .net *"_ivl_12", 0 0, L_0000021a5282d320;  1 drivers
v0000021a52816700_0 .net *"_ivl_14", 0 0, L_0000021a5288aa90;  1 drivers
v0000021a52816d40_0 .net *"_ivl_16", 0 0, L_0000021a52889de0;  1 drivers
v0000021a52816160_0 .net *"_ivl_2", 0 0, L_0000021a5282cec0;  1 drivers
v0000021a528176a0_0 .net *"_ivl_6", 0 0, L_0000021a5282d080;  1 drivers
v0000021a52800cc0_0 .net *"_ivl_8", 0 0, L_0000021a5282d240;  1 drivers
v0000021a52800fe0_0 .net "opcode", 0 0, v0000021a52888f80_0;  alias, 1 drivers
S_0000021a527d2ac0 .scope module, "f4" "one_bit_adder_subtractor" 3 13, 4 1 0, S_0000021a5280b6a0;
 .timescale -9 -9;
    .port_info 0 /OUTPUT 1 "C_out";
    .port_info 1 /OUTPUT 1 "S";
    .port_info 2 /INPUT 1 "A";
    .port_info 3 /INPUT 1 "B";
    .port_info 4 /INPUT 1 "C_in";
    .port_info 5 /INPUT 1 "opcode";
L_0000021a5288a7f0 .functor XOR 1, L_0000021a528893e0, v0000021a52888f80_0, C4<0>, C4<0>;
L_0000021a5288a2b0 .functor XOR 1, L_0000021a52889200, L_0000021a5288a7f0, C4<0>, C4<0>;
L_0000021a5288a320 .functor XOR 1, L_0000021a5288a2b0, L_0000021a52889d70, C4<0>, C4<0>;
L_0000021a5288a550 .functor XOR 1, L_0000021a528893e0, v0000021a52888f80_0, C4<0>, C4<0>;
L_0000021a5288a080 .functor AND 1, L_0000021a52889200, L_0000021a5288a550, C4<1>, C4<1>;
L_0000021a5288a0f0 .functor XOR 1, L_0000021a528893e0, v0000021a52888f80_0, C4<0>, C4<0>;
L_0000021a5288a160 .functor AND 1, L_0000021a5288a0f0, L_0000021a52889d70, C4<1>, C4<1>;
L_0000021a5288a860 .functor OR 1, L_0000021a5288a080, L_0000021a5288a160, C4<0>, C4<0>;
L_0000021a5288a630 .functor AND 1, L_0000021a52889d70, L_0000021a52889200, C4<1>, C4<1>;
L_0000021a5288a780 .functor OR 1, L_0000021a5288a860, L_0000021a5288a630, C4<0>, C4<0>;
v0000021a52884a20_0 .net "A", 0 0, L_0000021a52889200;  1 drivers
v0000021a52885d80_0 .net "B", 0 0, L_0000021a528893e0;  1 drivers
v0000021a52884fc0_0 .net "C_in", 0 0, L_0000021a52889d70;  alias, 1 drivers
v0000021a52885920_0 .net "C_out", 0 0, L_0000021a5288a780;  alias, 1 drivers
v0000021a52885ba0_0 .net "S", 0 0, L_0000021a5288a320;  1 drivers
v0000021a52884ac0_0 .net *"_ivl_0", 0 0, L_0000021a5288a7f0;  1 drivers
v0000021a52885ce0_0 .net *"_ivl_10", 0 0, L_0000021a5288a0f0;  1 drivers
v0000021a52886000_0 .net *"_ivl_12", 0 0, L_0000021a5288a160;  1 drivers
v0000021a52885560_0 .net *"_ivl_14", 0 0, L_0000021a5288a860;  1 drivers
v0000021a528857e0_0 .net *"_ivl_16", 0 0, L_0000021a5288a630;  1 drivers
v0000021a52884ca0_0 .net *"_ivl_2", 0 0, L_0000021a5288a2b0;  1 drivers
v0000021a52884b60_0 .net *"_ivl_6", 0 0, L_0000021a5288a550;  1 drivers
v0000021a52885740_0 .net *"_ivl_8", 0 0, L_0000021a5288a080;  1 drivers
v0000021a52885c40_0 .net "opcode", 0 0, v0000021a52888f80_0;  alias, 1 drivers
S_0000021a528869e0 .scope module, "f5" "one_bit_adder_subtractor" 3 14, 4 1 0, S_0000021a5280b6a0;
 .timescale -9 -9;
    .port_info 0 /OUTPUT 1 "C_out";
    .port_info 1 /OUTPUT 1 "S";
    .port_info 2 /INPUT 1 "A";
    .port_info 3 /INPUT 1 "B";
    .port_info 4 /INPUT 1 "C_in";
    .port_info 5 /INPUT 1 "opcode";
L_0000021a5288abe0 .functor XOR 1, L_0000021a528884e0, v0000021a52888f80_0, C4<0>, C4<0>;
L_0000021a5288a400 .functor XOR 1, L_0000021a52889480, L_0000021a5288abe0, C4<0>, C4<0>;
L_0000021a5288a8d0 .functor XOR 1, L_0000021a5288a400, L_0000021a5288a780, C4<0>, C4<0>;
L_0000021a5288a5c0 .functor XOR 1, L_0000021a528884e0, v0000021a52888f80_0, C4<0>, C4<0>;
L_0000021a5288a940 .functor AND 1, L_0000021a52889480, L_0000021a5288a5c0, C4<1>, C4<1>;
L_0000021a5288aa20 .functor XOR 1, L_0000021a528884e0, v0000021a52888f80_0, C4<0>, C4<0>;
L_0000021a5288a9b0 .functor AND 1, L_0000021a5288aa20, L_0000021a5288a780, C4<1>, C4<1>;
L_0000021a52889e50 .functor OR 1, L_0000021a5288a940, L_0000021a5288a9b0, C4<0>, C4<0>;
L_0000021a5288a470 .functor AND 1, L_0000021a5288a780, L_0000021a52889480, C4<1>, C4<1>;
L_0000021a5288ab70 .functor OR 1, L_0000021a52889e50, L_0000021a5288a470, C4<0>, C4<0>;
v0000021a52885600_0 .net "A", 0 0, L_0000021a52889480;  1 drivers
v0000021a52884d40_0 .net "B", 0 0, L_0000021a528884e0;  1 drivers
v0000021a528859c0_0 .net "C_in", 0 0, L_0000021a5288a780;  alias, 1 drivers
v0000021a52885ec0_0 .net "C_out", 0 0, L_0000021a5288ab70;  alias, 1 drivers
v0000021a528860a0_0 .net "S", 0 0, L_0000021a5288a8d0;  1 drivers
v0000021a52885880_0 .net *"_ivl_0", 0 0, L_0000021a5288abe0;  1 drivers
v0000021a52886140_0 .net *"_ivl_10", 0 0, L_0000021a5288aa20;  1 drivers
v0000021a52884c00_0 .net *"_ivl_12", 0 0, L_0000021a5288a9b0;  1 drivers
v0000021a528865a0_0 .net *"_ivl_14", 0 0, L_0000021a52889e50;  1 drivers
v0000021a52885b00_0 .net *"_ivl_16", 0 0, L_0000021a5288a470;  1 drivers
v0000021a52886640_0 .net *"_ivl_2", 0 0, L_0000021a5288a400;  1 drivers
v0000021a528861e0_0 .net *"_ivl_6", 0 0, L_0000021a5288a5c0;  1 drivers
v0000021a52884de0_0 .net *"_ivl_8", 0 0, L_0000021a5288a940;  1 drivers
v0000021a52884f20_0 .net "opcode", 0 0, v0000021a52888f80_0;  alias, 1 drivers
S_0000021a52886b70 .scope module, "f6" "one_bit_adder_subtractor" 3 15, 4 1 0, S_0000021a5280b6a0;
 .timescale -9 -9;
    .port_info 0 /OUTPUT 1 "C_out";
    .port_info 1 /OUTPUT 1 "S";
    .port_info 2 /INPUT 1 "A";
    .port_info 3 /INPUT 1 "B";
    .port_info 4 /INPUT 1 "C_in";
    .port_info 5 /INPUT 1 "opcode";
L_0000021a52889ec0 .functor XOR 1, L_0000021a52889840, v0000021a52888f80_0, C4<0>, C4<0>;
L_0000021a5288ab00 .functor XOR 1, L_0000021a52889520, L_0000021a52889ec0, C4<0>, C4<0>;
L_0000021a5288ac50 .functor XOR 1, L_0000021a5288ab00, L_0000021a5288ab70, C4<0>, C4<0>;
L_0000021a5288a1d0 .functor XOR 1, L_0000021a52889840, v0000021a52888f80_0, C4<0>, C4<0>;
L_0000021a52889f30 .functor AND 1, L_0000021a52889520, L_0000021a5288a1d0, C4<1>, C4<1>;
L_0000021a5288a710 .functor XOR 1, L_0000021a52889840, v0000021a52888f80_0, C4<0>, C4<0>;
L_0000021a5288a6a0 .functor AND 1, L_0000021a5288a710, L_0000021a5288ab70, C4<1>, C4<1>;
L_0000021a5288a390 .functor OR 1, L_0000021a52889f30, L_0000021a5288a6a0, C4<0>, C4<0>;
L_0000021a52889fa0 .functor AND 1, L_0000021a5288ab70, L_0000021a52889520, C4<1>, C4<1>;
L_0000021a5288a010 .functor OR 1, L_0000021a5288a390, L_0000021a52889fa0, C4<0>, C4<0>;
v0000021a52885e20_0 .net "A", 0 0, L_0000021a52889520;  1 drivers
v0000021a52885a60_0 .net "B", 0 0, L_0000021a52889840;  1 drivers
v0000021a52885f60_0 .net "C_in", 0 0, L_0000021a5288ab70;  alias, 1 drivers
v0000021a52884e80_0 .net "C_out", 0 0, L_0000021a5288a010;  alias, 1 drivers
v0000021a528856a0_0 .net "S", 0 0, L_0000021a5288ac50;  1 drivers
v0000021a52886280_0 .net *"_ivl_0", 0 0, L_0000021a52889ec0;  1 drivers
v0000021a52886320_0 .net *"_ivl_10", 0 0, L_0000021a5288a710;  1 drivers
v0000021a52885060_0 .net *"_ivl_12", 0 0, L_0000021a5288a6a0;  1 drivers
v0000021a528863c0_0 .net *"_ivl_14", 0 0, L_0000021a5288a390;  1 drivers
v0000021a528868c0_0 .net *"_ivl_16", 0 0, L_0000021a52889fa0;  1 drivers
v0000021a528866e0_0 .net *"_ivl_2", 0 0, L_0000021a5288ab00;  1 drivers
v0000021a52885100_0 .net *"_ivl_6", 0 0, L_0000021a5288a1d0;  1 drivers
v0000021a528854c0_0 .net *"_ivl_8", 0 0, L_0000021a52889f30;  1 drivers
v0000021a52886780_0 .net "opcode", 0 0, v0000021a52888f80_0;  alias, 1 drivers
S_0000021a5282acd0 .scope module, "f7" "one_bit_adder_subtractor" 3 16, 4 1 0, S_0000021a5280b6a0;
 .timescale -9 -9;
    .port_info 0 /OUTPUT 1 "C_out";
    .port_info 1 /OUTPUT 1 "S";
    .port_info 2 /INPUT 1 "A";
    .port_info 3 /INPUT 1 "B";
    .port_info 4 /INPUT 1 "C_in";
    .port_info 5 /INPUT 1 "opcode";
L_0000021a5288a4e0 .functor XOR 1, L_0000021a52887ea0, v0000021a52888f80_0, C4<0>, C4<0>;
L_0000021a5288c1a0 .functor XOR 1, L_0000021a52889700, L_0000021a5288a4e0, C4<0>, C4<0>;
L_0000021a5288c8a0 .functor XOR 1, L_0000021a5288c1a0, L_0000021a5288a010, C4<0>, C4<0>;
L_0000021a5288cbb0 .functor XOR 1, L_0000021a52887ea0, v0000021a52888f80_0, C4<0>, C4<0>;
L_0000021a5288c670 .functor AND 1, L_0000021a52889700, L_0000021a5288cbb0, C4<1>, C4<1>;
L_0000021a5288c6e0 .functor XOR 1, L_0000021a52887ea0, v0000021a52888f80_0, C4<0>, C4<0>;
L_0000021a5288c3d0 .functor AND 1, L_0000021a5288c6e0, L_0000021a5288a010, C4<1>, C4<1>;
L_0000021a5288c750 .functor OR 1, L_0000021a5288c670, L_0000021a5288c3d0, C4<0>, C4<0>;
L_0000021a5288cf30 .functor AND 1, L_0000021a5288a010, L_0000021a52889700, C4<1>, C4<1>;
L_0000021a5288cb40 .functor OR 1, L_0000021a5288c750, L_0000021a5288cf30, C4<0>, C4<0>;
v0000021a52885240_0 .net "A", 0 0, L_0000021a52889700;  1 drivers
v0000021a52886820_0 .net "B", 0 0, L_0000021a52887ea0;  1 drivers
v0000021a52886460_0 .net "C_in", 0 0, L_0000021a5288a010;  alias, 1 drivers
v0000021a52886500_0 .net "C_out", 0 0, L_0000021a5288cb40;  alias, 1 drivers
v0000021a528851a0_0 .net "S", 0 0, L_0000021a5288c8a0;  1 drivers
v0000021a528852e0_0 .net *"_ivl_0", 0 0, L_0000021a5288a4e0;  1 drivers
v0000021a52885380_0 .net *"_ivl_10", 0 0, L_0000021a5288c6e0;  1 drivers
v0000021a52885420_0 .net *"_ivl_12", 0 0, L_0000021a5288c3d0;  1 drivers
v0000021a52889a20_0 .net *"_ivl_14", 0 0, L_0000021a5288c750;  1 drivers
v0000021a52888ee0_0 .net *"_ivl_16", 0 0, L_0000021a5288cf30;  1 drivers
v0000021a52888620_0 .net *"_ivl_2", 0 0, L_0000021a5288c1a0;  1 drivers
v0000021a52888d00_0 .net *"_ivl_6", 0 0, L_0000021a5288cbb0;  1 drivers
v0000021a52889ac0_0 .net *"_ivl_8", 0 0, L_0000021a5288c670;  1 drivers
v0000021a52888300_0 .net "opcode", 0 0, v0000021a52888f80_0;  alias, 1 drivers
S_0000021a5282ae60 .scope module, "f8" "one_bit_adder_subtractor" 3 17, 4 1 0, S_0000021a5280b6a0;
 .timescale -9 -9;
    .port_info 0 /OUTPUT 1 "C_out";
    .port_info 1 /OUTPUT 1 "S";
    .port_info 2 /INPUT 1 "A";
    .port_info 3 /INPUT 1 "B";
    .port_info 4 /INPUT 1 "C_in";
    .port_info 5 /INPUT 1 "opcode";
L_0000021a5288c7c0 .functor XOR 1, L_0000021a528897a0, v0000021a52888f80_0, C4<0>, C4<0>;
L_0000021a5288cde0 .functor XOR 1, L_0000021a52888580, L_0000021a5288c7c0, C4<0>, C4<0>;
L_0000021a5288ce50 .functor XOR 1, L_0000021a5288cde0, L_0000021a5288cb40, C4<0>, C4<0>;
L_0000021a5288cc20 .functor XOR 1, L_0000021a528897a0, v0000021a52888f80_0, C4<0>, C4<0>;
L_0000021a5288c210 .functor AND 1, L_0000021a52888580, L_0000021a5288cc20, C4<1>, C4<1>;
L_0000021a5288c520 .functor XOR 1, L_0000021a528897a0, v0000021a52888f80_0, C4<0>, C4<0>;
L_0000021a5288c280 .functor AND 1, L_0000021a5288c520, L_0000021a5288cb40, C4<1>, C4<1>;
L_0000021a5288c910 .functor OR 1, L_0000021a5288c210, L_0000021a5288c280, C4<0>, C4<0>;
L_0000021a5288c830 .functor AND 1, L_0000021a5288cb40, L_0000021a52888580, C4<1>, C4<1>;
L_0000021a5288c4b0 .functor OR 1, L_0000021a5288c910, L_0000021a5288c830, C4<0>, C4<0>;
v0000021a52887d60_0 .net "A", 0 0, L_0000021a52888580;  1 drivers
v0000021a528886c0_0 .net "B", 0 0, L_0000021a528897a0;  1 drivers
v0000021a52889c00_0 .net "C_in", 0 0, L_0000021a5288cb40;  alias, 1 drivers
v0000021a528892a0_0 .net "C_out", 0 0, L_0000021a5288c4b0;  alias, 1 drivers
v0000021a52888120_0 .net "S", 0 0, L_0000021a5288ce50;  1 drivers
v0000021a52888800_0 .net *"_ivl_0", 0 0, L_0000021a5288c7c0;  1 drivers
v0000021a528898e0_0 .net *"_ivl_10", 0 0, L_0000021a5288c520;  1 drivers
v0000021a52888a80_0 .net *"_ivl_12", 0 0, L_0000021a5288c280;  1 drivers
v0000021a52887f40_0 .net *"_ivl_14", 0 0, L_0000021a5288c910;  1 drivers
v0000021a52889b60_0 .net *"_ivl_16", 0 0, L_0000021a5288c830;  1 drivers
v0000021a52888bc0_0 .net *"_ivl_2", 0 0, L_0000021a5288cde0;  1 drivers
v0000021a52888da0_0 .net *"_ivl_6", 0 0, L_0000021a5288cc20;  1 drivers
v0000021a52888080_0 .net *"_ivl_8", 0 0, L_0000021a5288c210;  1 drivers
v0000021a52889340_0 .net "opcode", 0 0, v0000021a52888f80_0;  alias, 1 drivers
    .scope S_0000021a5280b6a0;
T_0 ;
    %wait E_0000021a52827f40;
    %ix/load 4, 7, 0;
    %flag_set/imm 4, 0;
    %load/vec4a v0000021a52887e00, 4;
    %ix/load 4, 6, 0;
    %flag_set/imm 4, 0;
    %load/vec4a v0000021a52887e00, 4;
    %cmp/e;
    %jmp/0xz  T_0.0, 4;
    %pushi/vec4 0, 0, 1;
    %store/vec4 v0000021a52888760_0, 0, 1;
    %jmp T_0.1;
T_0.0 ;
    %pushi/vec4 1, 0, 1;
    %store/vec4 v0000021a52888760_0, 0, 1;
T_0.1 ;
    %jmp T_0;
    .thread T_0, $push;
    .scope S_0000021a5280b510;
T_1 ;
    %pushi/vec4 0, 0, 8;
    %assign/vec4 v0000021a528888a0_0, 0;
    %pushi/vec4 0, 0, 8;
    %assign/vec4 v0000021a528889e0_0, 0;
    %pushi/vec4 0, 0, 1;
    %assign/vec4 v0000021a52888f80_0, 0;
    %vpi_call 2 20 "$monitor", "%t , optype=%b, A=%b, B=%b, overflow=%b, Sum=%b", $time, v0000021a52888f80_0, v0000021a528888a0_0, v0000021a528889e0_0, v0000021a52889980_0, v0000021a52888260_0 {0 0 0};
    %end;
    .thread T_1;
    .scope S_0000021a5280b510;
T_2 ;
    %pushi/vec4 0, 0, 32;
    %store/vec4 v0000021a52888e40_0, 0, 32;
T_2.0 ;
    %load/vec4 v0000021a52888e40_0;
    %cmpi/s 4, 0, 32;
    %jmp/0xz T_2.1, 5;
    %pushi/vec4 128, 0, 32;
    %store/vec4 v0000021a52888c60_0, 0, 32;
T_2.2 ;
    %load/vec4 v0000021a52888c60_0;
    %cmpi/s 124, 0, 32;
    %flag_or 5, 4; GT is !LE
    %flag_inv 5;
    %jmp/0xz T_2.3, 5;
    %delay 5, 0;
    %load/vec4 v0000021a52888e40_0;
    %addi 1, 0, 32;
    %pad/s 8;
    %assign/vec4 v0000021a528888a0_0, 0;
    %load/vec4 v0000021a52888c60_0;
    %pad/s 8;
    %assign/vec4 v0000021a528889e0_0, 0;
    %load/vec4 v0000021a52888c60_0;
    %subi 1, 0, 32;
    %store/vec4 v0000021a52888c60_0, 0, 32;
    %jmp T_2.2;
T_2.3 ;
    %delay 5, 0;
    %pushi/vec4 1, 0, 1;
    %assign/vec4 v0000021a52888f80_0, 0;
    %load/vec4 v0000021a52888e40_0;
    %addi 1, 0, 32;
    %store/vec4 v0000021a52888e40_0, 0, 32;
    %jmp T_2.0;
T_2.1 ;
    %end;
    .thread T_2;
# The file index is used to find the file name in the following table.
:file_names 5;
    "N/A";
    "<interactive>";
    "eight_bit_adder_subtractor_tb.v";
    "./eight_bit_adder_subtractor.v";
    "./one_bit_adder_subtractor.v";
