#! /c/Source/iverilog-install/bin/vvp
:ivl_version "12.0 (devel)" "(s20150603-1110-g18392a46)";
:ivl_delay_selection "TYPICAL";
:vpi_time_precision - 9;
:vpi_module "C:\iverilog\lib\ivl\system.vpi";
:vpi_module "C:\iverilog\lib\ivl\vhdl_sys.vpi";
:vpi_module "C:\iverilog\lib\ivl\vhdl_textio.vpi";
:vpi_module "C:\iverilog\lib\ivl\v2005_math.vpi";
:vpi_module "C:\iverilog\lib\ivl\va_math.vpi";
S_000001c8bf3ebd00 .scope module, "ThreeBitGreyCounter_tb" "ThreeBitGreyCounter_tb" 2 3;
 .timescale -9 -9;
v000001c8bf562d20_0 .net "A", 2 0, v000001c8bf3ebe90_0;  1 drivers
v000001c8bf562dc0_0 .var "clock", 0 0;
v000001c8bf562e60_0 .net "count", 2 0, v000001c8bf558500_0;  1 drivers
v000001c8bf562f00_0 .net "out", 0 0, v000001c8bf562be0_0;  1 drivers
v000001c8bf562fa0_0 .var "reset", 0 0;
S_000001c8bf56cae0 .scope module, "uut" "ThreeBitGreyCounter" 2 10, 3 1 0, S_000001c8bf3ebd00;
 .timescale -9 -9;
    .port_info 0 /INPUT 1 "clock";
    .port_info 1 /INPUT 1 "reset";
    .port_info 2 /OUTPUT 1 "out";
    .port_info 3 /OUTPUT 3 "A";
    .port_info 4 /OUTPUT 3 "count";
P_000001c8bf56cc70 .param/l "S0" 0 3 8, C4<000>;
P_000001c8bf56cca8 .param/l "S1" 0 3 9, C4<001>;
P_000001c8bf56cce0 .param/l "S2" 0 3 10, C4<011>;
P_000001c8bf56cd18 .param/l "S3" 0 3 11, C4<010>;
P_000001c8bf56cd50 .param/l "S4" 0 3 12, C4<110>;
P_000001c8bf56cd88 .param/l "S5" 0 3 13, C4<111>;
P_000001c8bf56cdc0 .param/l "S6" 0 3 14, C4<101>;
P_000001c8bf56cdf8 .param/l "S7" 0 3 15, C4<100>;
v000001c8bf3ebe90_0 .var "A", 2 0;
v000001c8bf532b90_0 .net "clock", 0 0, v000001c8bf562dc0_0;  1 drivers
v000001c8bf558500_0 .var "count", 2 0;
v000001c8bf56ce40_0 .var "curr_state", 2 0;
v000001c8bf56cee0_0 .var "next_state", 2 0;
v000001c8bf562be0_0 .var "out", 0 0;
v000001c8bf562c80_0 .net "reset", 0 0, v000001c8bf562fa0_0;  1 drivers
E_000001c8bf3e9de0 .event anyedge, v000001c8bf532b90_0, v000001c8bf56ce40_0;
E_000001c8bf3e9120 .event negedge, v000001c8bf532b90_0;
    .scope S_000001c8bf56cae0;
T_0 ;
    %wait E_000001c8bf3e9120;
    %load/vec4 v000001c8bf562c80_0;
    %flag_set/vec4 8;
    %jmp/0xz  T_0.0, 8;
    %pushi/vec4 0, 0, 3;
    %assign/vec4 v000001c8bf56ce40_0, 0;
    %pushi/vec4 0, 0, 1;
    %assign/vec4 v000001c8bf562be0_0, 0;
    %jmp T_0.1;
T_0.0 ;
    %load/vec4 v000001c8bf56cee0_0;
    %assign/vec4 v000001c8bf56ce40_0, 0;
    %load/vec4 v000001c8bf558500_0;
    %addi 1, 0, 3;
    %assign/vec4 v000001c8bf558500_0, 0;
T_0.1 ;
    %jmp T_0;
    .thread T_0;
    .scope S_000001c8bf56cae0;
T_1 ;
    %wait E_000001c8bf3e9de0;
    %load/vec4 v000001c8bf56ce40_0;
    %dup/vec4;
    %pushi/vec4 0, 0, 3;
    %cmp/u;
    %jmp/1 T_1.0, 6;
    %dup/vec4;
    %pushi/vec4 1, 0, 3;
    %cmp/u;
    %jmp/1 T_1.1, 6;
    %dup/vec4;
    %pushi/vec4 3, 0, 3;
    %cmp/u;
    %jmp/1 T_1.2, 6;
    %dup/vec4;
    %pushi/vec4 2, 0, 3;
    %cmp/u;
    %jmp/1 T_1.3, 6;
    %dup/vec4;
    %pushi/vec4 6, 0, 3;
    %cmp/u;
    %jmp/1 T_1.4, 6;
    %dup/vec4;
    %pushi/vec4 7, 0, 3;
    %cmp/u;
    %jmp/1 T_1.5, 6;
    %dup/vec4;
    %pushi/vec4 5, 0, 3;
    %cmp/u;
    %jmp/1 T_1.6, 6;
    %dup/vec4;
    %pushi/vec4 4, 0, 3;
    %cmp/u;
    %jmp/1 T_1.7, 6;
    %pushi/vec4 0, 0, 3;
    %assign/vec4 v000001c8bf56cee0_0, 0;
    %pushi/vec4 0, 0, 3;
    %store/vec4 v000001c8bf558500_0, 0, 3;
    %pushi/vec4 0, 0, 1;
    %assign/vec4 v000001c8bf562be0_0, 0;
    %pushi/vec4 0, 0, 3;
    %store/vec4 v000001c8bf3ebe90_0, 0, 3;
    %jmp T_1.9;
T_1.0 ;
    %pushi/vec4 1, 0, 3;
    %assign/vec4 v000001c8bf56cee0_0, 0;
    %pushi/vec4 0, 0, 1;
    %assign/vec4 v000001c8bf562be0_0, 0;
    %pushi/vec4 1, 0, 3;
    %store/vec4 v000001c8bf3ebe90_0, 0, 3;
    %pushi/vec4 1, 0, 3;
    %store/vec4 v000001c8bf558500_0, 0, 3;
    %jmp T_1.9;
T_1.1 ;
    %pushi/vec4 3, 0, 3;
    %assign/vec4 v000001c8bf56cee0_0, 0;
    %pushi/vec4 0, 0, 1;
    %assign/vec4 v000001c8bf562be0_0, 0;
    %pushi/vec4 3, 0, 3;
    %store/vec4 v000001c8bf3ebe90_0, 0, 3;
    %pushi/vec4 2, 0, 3;
    %store/vec4 v000001c8bf558500_0, 0, 3;
    %jmp T_1.9;
T_1.2 ;
    %pushi/vec4 2, 0, 3;
    %assign/vec4 v000001c8bf56cee0_0, 0;
    %pushi/vec4 0, 0, 1;
    %assign/vec4 v000001c8bf562be0_0, 0;
    %pushi/vec4 2, 0, 3;
    %store/vec4 v000001c8bf3ebe90_0, 0, 3;
    %pushi/vec4 3, 0, 3;
    %store/vec4 v000001c8bf558500_0, 0, 3;
    %jmp T_1.9;
T_1.3 ;
    %pushi/vec4 6, 0, 3;
    %assign/vec4 v000001c8bf56cee0_0, 0;
    %pushi/vec4 0, 0, 1;
    %assign/vec4 v000001c8bf562be0_0, 0;
    %pushi/vec4 6, 0, 3;
    %store/vec4 v000001c8bf3ebe90_0, 0, 3;
    %pushi/vec4 4, 0, 3;
    %store/vec4 v000001c8bf558500_0, 0, 3;
    %jmp T_1.9;
T_1.4 ;
    %pushi/vec4 7, 0, 3;
    %assign/vec4 v000001c8bf56cee0_0, 0;
    %pushi/vec4 0, 0, 1;
    %assign/vec4 v000001c8bf562be0_0, 0;
    %pushi/vec4 7, 0, 3;
    %store/vec4 v000001c8bf3ebe90_0, 0, 3;
    %pushi/vec4 5, 0, 3;
    %store/vec4 v000001c8bf558500_0, 0, 3;
    %jmp T_1.9;
T_1.5 ;
    %pushi/vec4 5, 0, 3;
    %assign/vec4 v000001c8bf56cee0_0, 0;
    %pushi/vec4 0, 0, 1;
    %assign/vec4 v000001c8bf562be0_0, 0;
    %pushi/vec4 5, 0, 3;
    %store/vec4 v000001c8bf3ebe90_0, 0, 3;
    %pushi/vec4 6, 0, 3;
    %store/vec4 v000001c8bf558500_0, 0, 3;
    %jmp T_1.9;
T_1.6 ;
    %pushi/vec4 4, 0, 3;
    %assign/vec4 v000001c8bf56cee0_0, 0;
    %pushi/vec4 0, 0, 1;
    %assign/vec4 v000001c8bf562be0_0, 0;
    %pushi/vec4 4, 0, 3;
    %store/vec4 v000001c8bf3ebe90_0, 0, 3;
    %pushi/vec4 7, 0, 3;
    %store/vec4 v000001c8bf558500_0, 0, 3;
    %jmp T_1.9;
T_1.7 ;
    %pushi/vec4 0, 0, 3;
    %assign/vec4 v000001c8bf56cee0_0, 0;
    %pushi/vec4 1, 0, 1;
    %assign/vec4 v000001c8bf562be0_0, 0;
    %pushi/vec4 0, 0, 3;
    %store/vec4 v000001c8bf3ebe90_0, 0, 3;
    %pushi/vec4 0, 0, 3;
    %store/vec4 v000001c8bf558500_0, 0, 3;
    %jmp T_1.9;
T_1.9 ;
    %pop/vec4 1;
    %jmp T_1;
    .thread T_1, $push;
    .scope S_000001c8bf3ebd00;
T_2 ;
    %delay 5, 0;
    %load/vec4 v000001c8bf562dc0_0;
    %inv;
    %store/vec4 v000001c8bf562dc0_0, 0, 1;
    %jmp T_2;
    .thread T_2;
    .scope S_000001c8bf3ebd00;
T_3 ;
    %pushi/vec4 0, 0, 1;
    %store/vec4 v000001c8bf562dc0_0, 0, 1;
    %delay 5, 0;
    %vpi_call 2 16 "$monitor", $time, " Input=%b Count=%d Grey_code=%b Output=%b", v000001c8bf562fa0_0, v000001c8bf562e60_0, v000001c8bf562d20_0, v000001c8bf562f00_0 {0 0 0};
    %delay 180, 0;
    %vpi_call 2 17 "$finish" {0 0 0};
    %end;
    .thread T_3;
    .scope S_000001c8bf3ebd00;
T_4 ;
    %pushi/vec4 0, 0, 1;
    %store/vec4 v000001c8bf562fa0_0, 0, 1;
    %end;
    .thread T_4;
# The file index is used to find the file name in the following table.
:file_names 4;
    "N/A";
    "<interactive>";
    "A4Q1_GrayCounter_tb.v";
    "./A4Q1_GrayCounter.v";
