#! /c/Source/iverilog-install/bin/vvp
:ivl_version "12.0 (devel)" "(s20150603-1110-g18392a46)";
:ivl_delay_selection "TYPICAL";
:vpi_time_precision + 0;
:vpi_module "C:\iverilog\lib\ivl\system.vpi";
:vpi_module "C:\iverilog\lib\ivl\vhdl_sys.vpi";
:vpi_module "C:\iverilog\lib\ivl\vhdl_textio.vpi";
:vpi_module "C:\iverilog\lib\ivl\v2005_math.vpi";
:vpi_module "C:\iverilog\lib\ivl\va_math.vpi";
S_0000014b65132720 .scope module, "gcd" "gcd" 2 1;
 .timescale 0 0;
    .port_info 0 /OUTPUT 8 "ans";
    .port_info 1 /INPUT 1 "clk";
    .port_info 2 /INPUT 8 "a";
    .port_info 3 /INPUT 8 "b";
o0000014b6516af78 .functor BUFZ 8, C4<zzzzzzzz>; HiZ drive
v0000014b6511be80_0 .net "a", 7 0, o0000014b6516af78;  0 drivers
v0000014b651328b0_0 .var "ans", 7 0;
o0000014b6516afd8 .functor BUFZ 8, C4<zzzzzzzz>; HiZ drive
v0000014b65132950_0 .net "b", 7 0, o0000014b6516afd8;  0 drivers
o0000014b6516b008 .functor BUFZ 1, C4<z>; HiZ drive
v0000014b651329f0_0 .net "clk", 0 0, o0000014b6516b008;  0 drivers
v0000014b65132a90_0 .var/i "count", 31 0;
v0000014b65132b30_0 .var "u", 7 0;
v0000014b65163550_0 .var "v", 7 0;
E_0000014b6511afe0 .event posedge, v0000014b651329f0_0;
    .scope S_0000014b65132720;
T_0 ;
    %pushi/vec4 0, 0, 32;
    %store/vec4 v0000014b65132a90_0, 0, 32;
    %end;
    .thread T_0;
    .scope S_0000014b65132720;
T_1 ;
    %wait E_0000014b6511afe0;
    %load/vec4 v0000014b6511be80_0;
    %store/vec4 v0000014b65132b30_0, 0, 8;
    %load/vec4 v0000014b65132950_0;
    %store/vec4 v0000014b65163550_0, 0, 8;
T_1.0 ;
    %load/vec4 v0000014b65132b30_0;
    %load/vec4 v0000014b65163550_0;
    %cmp/ne;
    %jmp/0xz T_1.1, 4;
    %load/vec4 v0000014b65132b30_0;
    %parti/s 1, 0, 2;
    %pad/u 32;
    %pushi/vec4 0, 0, 32;
    %cmp/e;
    %flag_get/vec4 4;
    %load/vec4 v0000014b65163550_0;
    %parti/s 1, 0, 2;
    %pad/u 32;
    %pushi/vec4 0, 0, 32;
    %cmp/e;
    %flag_get/vec4 4;
    %and;
    %flag_set/vec4 8;
    %jmp/0xz  T_1.2, 8;
    %load/vec4 v0000014b65132b30_0;
    %ix/load 4, 1, 0;
    %flag_set/imm 4, 0;
    %shiftr 4;
    %store/vec4 v0000014b65132b30_0, 0, 8;
    %load/vec4 v0000014b65163550_0;
    %ix/load 4, 1, 0;
    %flag_set/imm 4, 0;
    %shiftr 4;
    %store/vec4 v0000014b65163550_0, 0, 8;
    %load/vec4 v0000014b65132a90_0;
    %addi 1, 0, 32;
    %store/vec4 v0000014b65132a90_0, 0, 32;
    %jmp T_1.3;
T_1.2 ;
    %load/vec4 v0000014b65132b30_0;
    %parti/s 1, 0, 2;
    %pad/u 32;
    %pushi/vec4 1, 0, 32;
    %cmp/e;
    %flag_get/vec4 4;
    %load/vec4 v0000014b65163550_0;
    %parti/s 1, 0, 2;
    %pad/u 32;
    %pushi/vec4 1, 0, 32;
    %cmp/e;
    %flag_get/vec4 4;
    %and;
    %flag_set/vec4 8;
    %jmp/0xz  T_1.4, 8;
    %load/vec4 v0000014b65163550_0;
    %ix/load 4, 1, 0;
    %flag_set/imm 4, 0;
    %shiftr 4;
    %store/vec4 v0000014b65163550_0, 0, 8;
    %jmp T_1.5;
T_1.4 ;
    %load/vec4 v0000014b65132b30_0;
    %parti/s 1, 0, 2;
    %pad/u 32;
    %pushi/vec4 0, 0, 32;
    %cmp/e;
    %flag_get/vec4 4;
    %load/vec4 v0000014b65163550_0;
    %parti/s 1, 0, 2;
    %pad/u 32;
    %pushi/vec4 1, 0, 32;
    %cmp/e;
    %flag_get/vec4 4;
    %and;
    %flag_set/vec4 8;
    %jmp/0xz  T_1.6, 8;
    %load/vec4 v0000014b65132b30_0;
    %ix/load 4, 1, 0;
    %flag_set/imm 4, 0;
    %shiftr 4;
    %store/vec4 v0000014b65132b30_0, 0, 8;
    %jmp T_1.7;
T_1.6 ;
    %load/vec4 v0000014b65163550_0;
    %load/vec4 v0000014b65132b30_0;
    %cmp/u;
    %flag_or 5, 4;
    %jmp/0xz  T_1.8, 5;
    %load/vec4 v0000014b65132b30_0;
    %load/vec4 v0000014b65163550_0;
    %sub;
    %ix/load 4, 1, 0;
    %flag_set/imm 4, 0;
    %shiftr 4;
    %store/vec4 v0000014b65132b30_0, 0, 8;
    %jmp T_1.9;
T_1.8 ;
    %load/vec4 v0000014b65163550_0;
    %load/vec4 v0000014b65132b30_0;
    %sub;
    %ix/load 4, 1, 0;
    %flag_set/imm 4, 0;
    %shiftr 4;
    %store/vec4 v0000014b65163550_0, 0, 8;
T_1.9 ;
T_1.7 ;
T_1.5 ;
T_1.3 ;
    %jmp T_1.0;
T_1.1 ;
T_1.10 ;
    %load/vec4 v0000014b65132a90_0;
    %cmpi/s 0, 0, 32;
    %flag_or 5, 4; GT is !LE
    %flag_inv 5;
    %jmp/0xz T_1.11, 5;
    %load/vec4 v0000014b65132b30_0;
    %ix/load 4, 1, 0;
    %flag_set/imm 4, 0;
    %shiftl 4;
    %store/vec4 v0000014b65132b30_0, 0, 8;
    %load/vec4 v0000014b65132a90_0;
    %subi 1, 0, 32;
    %store/vec4 v0000014b65132a90_0, 0, 32;
    %jmp T_1.10;
T_1.11 ;
    %load/vec4 v0000014b65132b30_0;
    %store/vec4 v0000014b651328b0_0, 0, 8;
    %jmp T_1;
    .thread T_1;
# The file index is used to find the file name in the following table.
:file_names 3;
    "N/A";
    "<interactive>";
    "q1.v";
