#! /c/Source/iverilog-install/bin/vvp
:ivl_version "12.0 (devel)" "(s20150603-1110-g18392a46)";
:ivl_delay_selection "TYPICAL";
:vpi_time_precision - 9;
:vpi_module "C:\iverilog\lib\ivl\system.vpi";
:vpi_module "C:\iverilog\lib\ivl\vhdl_sys.vpi";
:vpi_module "C:\iverilog\lib\ivl\vhdl_textio.vpi";
:vpi_module "C:\iverilog\lib\ivl\v2005_math.vpi";
:vpi_module "C:\iverilog\lib\ivl\va_math.vpi";
S_00000143881ebc30 .scope module, "gcd_tb" "gcd_tb" 2 3;
 .timescale -9 -9;
v0000014388202760_0 .var "a", 7 0;
v0000014388202800_0 .net "ans", 7 0, v000001438823a870_0;  1 drivers
v00000143882028a0_0 .var "b", 7 0;
v0000014388202940_0 .var "clk", 0 0;
v00000143882029e0_0 .var/i "i", 31 0;
S_00000143881ebdc0 .scope module, "uut" "gcd" 2 9, 3 1 0, S_00000143881ebc30;
 .timescale -9 -9;
    .port_info 0 /OUTPUT 8 "ans";
    .port_info 1 /INPUT 1 "clk";
    .port_info 2 /INPUT 8 "a";
    .port_info 3 /INPUT 8 "b";
v00000143882269f0_0 .net "a", 7 0, v0000014388202760_0;  1 drivers
v000001438823a870_0 .var "ans", 7 0;
v0000014388234580_0 .net "b", 7 0, v00000143882028a0_0;  1 drivers
v0000014388234620_0 .net "clk", 0 0, v0000014388202940_0;  1 drivers
v00000143882346c0_0 .var/i "count", 31 0;
v0000014388234760_0 .var "u", 7 0;
v0000014388234800_0 .var "v", 7 0;
E_0000014388225110 .event posedge, v0000014388234620_0;
    .scope S_00000143881ebdc0;
T_0 ;
    %pushi/vec4 0, 0, 32;
    %store/vec4 v00000143882346c0_0, 0, 32;
    %end;
    .thread T_0;
    .scope S_00000143881ebdc0;
T_1 ;
    %wait E_0000014388225110;
    %load/vec4 v00000143882269f0_0;
    %store/vec4 v0000014388234760_0, 0, 8;
    %load/vec4 v0000014388234580_0;
    %store/vec4 v0000014388234800_0, 0, 8;
T_1.0 ;
    %load/vec4 v0000014388234760_0;
    %load/vec4 v0000014388234800_0;
    %cmp/ne;
    %jmp/0xz T_1.1, 4;
    %load/vec4 v0000014388234760_0;
    %parti/s 1, 0, 2;
    %pad/u 32;
    %pushi/vec4 0, 0, 32;
    %cmp/e;
    %flag_get/vec4 4;
    %load/vec4 v0000014388234800_0;
    %parti/s 1, 0, 2;
    %pad/u 32;
    %pushi/vec4 0, 0, 32;
    %cmp/e;
    %flag_get/vec4 4;
    %and;
    %flag_set/vec4 8;
    %jmp/0xz  T_1.2, 8;
    %load/vec4 v0000014388234760_0;
    %ix/load 4, 1, 0;
    %flag_set/imm 4, 0;
    %shiftr 4;
    %store/vec4 v0000014388234760_0, 0, 8;
    %load/vec4 v0000014388234800_0;
    %ix/load 4, 1, 0;
    %flag_set/imm 4, 0;
    %shiftr 4;
    %store/vec4 v0000014388234800_0, 0, 8;
    %load/vec4 v00000143882346c0_0;
    %addi 1, 0, 32;
    %store/vec4 v00000143882346c0_0, 0, 32;
    %jmp T_1.3;
T_1.2 ;
    %load/vec4 v0000014388234760_0;
    %parti/s 1, 0, 2;
    %pad/u 32;
    %pushi/vec4 1, 0, 32;
    %cmp/e;
    %flag_get/vec4 4;
    %load/vec4 v0000014388234800_0;
    %parti/s 1, 0, 2;
    %pad/u 32;
    %pushi/vec4 1, 0, 32;
    %cmp/e;
    %flag_get/vec4 4;
    %and;
    %flag_set/vec4 8;
    %jmp/0xz  T_1.4, 8;
    %load/vec4 v0000014388234800_0;
    %ix/load 4, 1, 0;
    %flag_set/imm 4, 0;
    %shiftr 4;
    %store/vec4 v0000014388234800_0, 0, 8;
    %jmp T_1.5;
T_1.4 ;
    %load/vec4 v0000014388234760_0;
    %parti/s 1, 0, 2;
    %pad/u 32;
    %pushi/vec4 0, 0, 32;
    %cmp/e;
    %flag_get/vec4 4;
    %load/vec4 v0000014388234800_0;
    %parti/s 1, 0, 2;
    %pad/u 32;
    %pushi/vec4 1, 0, 32;
    %cmp/e;
    %flag_get/vec4 4;
    %and;
    %flag_set/vec4 8;
    %jmp/0xz  T_1.6, 8;
    %load/vec4 v0000014388234760_0;
    %ix/load 4, 1, 0;
    %flag_set/imm 4, 0;
    %shiftr 4;
    %store/vec4 v0000014388234760_0, 0, 8;
    %jmp T_1.7;
T_1.6 ;
    %load/vec4 v0000014388234800_0;
    %load/vec4 v0000014388234760_0;
    %cmp/u;
    %flag_or 5, 4;
    %jmp/0xz  T_1.8, 5;
    %load/vec4 v0000014388234760_0;
    %load/vec4 v0000014388234800_0;
    %sub;
    %ix/load 4, 1, 0;
    %flag_set/imm 4, 0;
    %shiftr 4;
    %store/vec4 v0000014388234760_0, 0, 8;
    %jmp T_1.9;
T_1.8 ;
    %load/vec4 v0000014388234800_0;
    %load/vec4 v0000014388234760_0;
    %sub;
    %ix/load 4, 1, 0;
    %flag_set/imm 4, 0;
    %shiftr 4;
    %store/vec4 v0000014388234800_0, 0, 8;
T_1.9 ;
T_1.7 ;
T_1.5 ;
T_1.3 ;
    %jmp T_1.0;
T_1.1 ;
T_1.10 ;
    %load/vec4 v00000143882346c0_0;
    %cmpi/s 0, 0, 32;
    %flag_or 5, 4; GT is !LE
    %flag_inv 5;
    %jmp/0xz T_1.11, 5;
    %load/vec4 v0000014388234760_0;
    %ix/load 4, 1, 0;
    %flag_set/imm 4, 0;
    %shiftl 4;
    %store/vec4 v0000014388234760_0, 0, 8;
    %load/vec4 v00000143882346c0_0;
    %subi 1, 0, 32;
    %store/vec4 v00000143882346c0_0, 0, 32;
    %jmp T_1.10;
T_1.11 ;
    %load/vec4 v0000014388234760_0;
    %store/vec4 v000001438823a870_0, 0, 8;
    %jmp T_1;
    .thread T_1;
    .scope S_00000143881ebc30;
T_2 ;
    %pushi/vec4 6, 0, 8;
    %assign/vec4 v0000014388202760_0, 0;
    %pushi/vec4 3, 0, 8;
    %assign/vec4 v00000143882028a0_0, 0;
    %pushi/vec4 0, 0, 32;
    %store/vec4 v00000143882029e0_0, 0, 32;
T_2.0 ;
    %load/vec4 v00000143882029e0_0;
    %cmpi/s 15, 0, 32;
    %flag_or 5, 4;
    %jmp/0xz T_2.1, 5;
    %delay 5, 0;
    %vpi_call 2 14 "$display", "A=%b B=%b GCD=%b", v0000014388202760_0, v00000143882028a0_0, v0000014388202800_0 {0 0 0};
    %load/vec4 v0000014388202760_0;
    %addi 1, 0, 8;
    %store/vec4 v0000014388202760_0, 0, 8;
    %load/vec4 v00000143882028a0_0;
    %addi 1, 0, 8;
    %store/vec4 v00000143882028a0_0, 0, 8;
    %load/vec4 v00000143882029e0_0;
    %addi 1, 0, 32;
    %store/vec4 v00000143882029e0_0, 0, 32;
    %jmp T_2.0;
T_2.1 ;
    %end;
    .thread T_2;
    .scope S_00000143881ebc30;
T_3 ;
    %delay 1, 0;
    %load/vec4 v0000014388202940_0;
    %inv;
    %store/vec4 v0000014388202940_0, 0, 1;
    %end;
    .thread T_3;
    .scope S_00000143881ebc30;
T_4 ;
    %delay 180, 0;
    %vpi_call 2 23 "$finish" {0 0 0};
    %end;
    .thread T_4;
# The file index is used to find the file name in the following table.
:file_names 4;
    "N/A";
    "<interactive>";
    "q1_tb.v";
    "./q1.v";
